{
  "RSpec": {
    "coverage": {
      "/Users/marianaandrade/turing/mod2/challenges/b2-mid-mod-1/config/environment.rb": {
        "lines": [
          null,
          1,
          null,
          null,
          1
        ]
      },
      "/Users/marianaandrade/turing/mod2/challenges/b2-mid-mod-1/config/application.rb": {
        "lines": [
          1,
          null,
          1,
          null,
          1,
          1,
          1,
          1,
          1,
          1,
          1,
          1,
          null,
          null,
          null,
          null,
          1,
          null,
          1,
          1,
          null,
          1,
          null,
          null,
          null,
          null,
          null,
          null,
          1,
          null,
          null
        ]
      },
      "/Users/marianaandrade/turing/mod2/challenges/b2-mid-mod-1/config/boot.rb": {
        "lines": [
          1,
          null,
          1
        ]
      },
      "/Users/marianaandrade/turing/mod2/challenges/b2-mid-mod-1/config/environments/test.rb": {
        "lines": [
          1,
          null,
          null,
          null,
          null,
          null,
          null,
          1,
          null,
          null,
          null,
          null,
          1,
          null,
          null,
          1,
          1,
          null,
          null,
          null,
          null,
          1,
          1,
          null,
          null,
          1,
          null,
          null,
          1,
          1,
          null,
          null,
          null,
          null,
          1,
          null,
          null,
          1,
          null,
          null,
          null,
          null
        ]
      },
      "/Users/marianaandrade/turing/mod2/challenges/b2-mid-mod-1/config/initializers/application_controller_renderer.rb": {
        "lines": [
          null,
          null,
          null,
          null,
          null,
          null,
          null,
          null
        ]
      },
      "/Users/marianaandrade/turing/mod2/challenges/b2-mid-mod-1/config/initializers/assets.rb": {
        "lines": [
          null,
          null,
          null,
          1,
          null,
          null,
          null,
          null,
          1,
          null,
          null,
          null,
          null,
          null
        ]
      },
      "/Users/marianaandrade/turing/mod2/challenges/b2-mid-mod-1/config/initializers/backtrace_silencers.rb": {
        "lines": [
          null,
          null,
          null,
          null,
          null,
          null,
          null
        ]
      },
      "/Users/marianaandrade/turing/mod2/challenges/b2-mid-mod-1/config/initializers/cookies_serializer.rb": {
        "lines": [
          null,
          null,
          null,
          null,
          1
        ]
      },
      "/Users/marianaandrade/turing/mod2/challenges/b2-mid-mod-1/config/initializers/filter_parameter_logging.rb": {
        "lines": [
          null,
          null,
          null,
          1
        ]
      },
      "/Users/marianaandrade/turing/mod2/challenges/b2-mid-mod-1/config/initializers/inflections.rb": {
        "lines": [
          null,
          null,
          null,
          null,
          null,
          null,
          null,
          null,
          null,
          null,
          null,
          null,
          null,
          null,
          null,
          null
        ]
      },
      "/Users/marianaandrade/turing/mod2/challenges/b2-mid-mod-1/config/initializers/mime_types.rb": {
        "lines": [
          null,
          null,
          null,
          null
        ]
      },
      "/Users/marianaandrade/turing/mod2/challenges/b2-mid-mod-1/config/initializers/wrap_parameters.rb": {
        "lines": [
          null,
          null,
          null,
          null,
          null,
          null,
          1,
          2,
          null,
          null,
          null,
          null,
          null,
          null
        ]
      },
      "/Users/marianaandrade/turing/mod2/challenges/b2-mid-mod-1/config/routes.rb": {
        "lines": [
          1,
          null,
          null,
          1,
          null,
          1,
          null
        ]
      },
      "/Users/marianaandrade/turing/mod2/challenges/b2-mid-mod-1/app/helpers/application_helper.rb": {
        "lines": [
          1,
          null
        ]
      },
      "/Users/marianaandrade/turing/mod2/challenges/b2-mid-mod-1/spec/features/studios/index_spec.rb": {
        "lines": [
          1,
          null,
          1,
          1,
          1,
          1,
          1,
          1,
          null,
          1,
          1,
          1,
          1,
          1,
          null,
          1,
          null,
          1,
          1,
          1,
          1,
          null,
          1,
          null,
          1,
          1,
          1,
          1,
          null,
          null,
          null,
          null,
          null,
          null,
          null,
          null
        ]
      },
      "/Users/marianaandrade/turing/mod2/challenges/b2-mid-mod-1/spec/models/movie_actor_spec.rb": {
        "lines": [
          1,
          null,
          1,
          1,
          2,
          2,
          null,
          null
        ]
      },
      "/Users/marianaandrade/turing/mod2/challenges/b2-mid-mod-1/app/models/movie_actor.rb": {
        "lines": [
          1,
          1,
          1,
          null
        ]
      },
      "/Users/marianaandrade/turing/mod2/challenges/b2-mid-mod-1/app/models/application_record.rb": {
        "lines": [
          1,
          1,
          null
        ]
      },
      "/Users/marianaandrade/turing/mod2/challenges/b2-mid-mod-1/spec/models/movie_spec.rb": {
        "lines": [
          1,
          null,
          1,
          1,
          2,
          2,
          2,
          null,
          null
        ]
      },
      "/Users/marianaandrade/turing/mod2/challenges/b2-mid-mod-1/app/models/movie.rb": {
        "lines": [
          1,
          1,
          1,
          1,
          null
        ]
      },
      "/Users/marianaandrade/turing/mod2/challenges/b2-mid-mod-1/spec/models/studio_spec.rb": {
        "lines": [
          1,
          null,
          1,
          1,
          2,
          null,
          null
        ]
      },
      "/Users/marianaandrade/turing/mod2/challenges/b2-mid-mod-1/app/models/studio.rb": {
        "lines": [
          1,
          1,
          null
        ]
      },
      "/Users/marianaandrade/turing/mod2/challenges/b2-mid-mod-1/app/models/actor.rb": {
        "lines": [
          1,
          null,
          1,
          0,
          null,
          null
        ]
      },
      "/Users/marianaandrade/turing/mod2/challenges/b2-mid-mod-1/app/controllers/movies_controller.rb": {
        "lines": [
          1,
          null,
          1,
          1,
          1,
          null,
          null
        ]
      },
      "/Users/marianaandrade/turing/mod2/challenges/b2-mid-mod-1/app/controllers/application_controller.rb": {
        "lines": [
          1,
          1,
          null
        ]
      },
      "/Users/marianaandrade/turing/mod2/challenges/b2-mid-mod-1/app/controllers/studios_controller.rb": {
        "lines": [
          1,
          null,
          1,
          2,
          null,
          null,
          null
        ]
      }
    },
    "timestamp": 1590170297
  }
}
